PortDuSaguenayAPP/AndroidBuild/launcher/build/intermediates/manifest_merge_blame_file/release/manifest-merger-blame-release-report.txt
1<?xml version="1.0" encoding="utf-8"?>
2<manifest xmlns:android="http://schemas.android.com/apk/res/android"
3    package="com.uqac.PortDuSaguenay"
4    android:installLocation="preferExternal"
5    android:versionCode="1"
6    android:versionName="1.0" >
7
8    <uses-sdk
9        android:minSdkVersion="26"
9-->src\main\AndroidManifest.xml
10        android:targetSdkVersion="30" />
10-->src\main\AndroidManifest.xml
11
12    <supports-screens
12-->src\main\AndroidManifest.xml:3:3-163
13        android:anyDensity="true"
13-->src\main\AndroidManifest.xml:3:135-160
14        android:largeScreens="true"
14-->src\main\AndroidManifest.xml:3:78-105
15        android:normalScreens="true"
15-->src\main\AndroidManifest.xml:3:49-77
16        android:smallScreens="true"
16-->src\main\AndroidManifest.xml:3:21-48
17        android:xlargeScreens="true" />
17-->src\main\AndroidManifest.xml:3:106-134
18
19    <uses-feature android:glEsVersion="0x00020000" />
19-->[:unityLibrary] AndroidManifest.xml:12:5-54
19-->[:unityLibrary] AndroidManifest.xml:12:19-51
20
21    <uses-permission android:name="android.permission.INTERNET" />
21-->[:unityLibrary] AndroidManifest.xml:14:5-67
21-->[:unityLibrary] AndroidManifest.xml:14:22-64
22    <uses-permission android:name="android.permission.ACCESS_FINE_LOCATION" />
22-->[:unityLibrary] AndroidManifest.xml:15:5-79
22-->[:unityLibrary] AndroidManifest.xml:15:22-76
23
24    <uses-feature
24-->[:unityLibrary] AndroidManifest.xml:17:5-19:36
25        android:name="android.hardware.location.gps"
25-->[:unityLibrary] AndroidManifest.xml:18:9-53
26        android:required="false" />
26-->[:unityLibrary] AndroidManifest.xml:19:9-33
27    <uses-feature
27-->[:unityLibrary] AndroidManifest.xml:20:5-22:36
28        android:name="android.hardware.location"
28-->[:unityLibrary] AndroidManifest.xml:21:9-49
29        android:required="false" />
29-->[:unityLibrary] AndroidManifest.xml:22:9-33
30
31    <uses-permission android:name="android.permission.CAMERA" />
31-->[:unityLibrary] AndroidManifest.xml:24:5-65
31-->[:unityLibrary] AndroidManifest.xml:24:22-62
32
33    <uses-feature
33-->[:unityLibrary] AndroidManifest.xml:26:5-28:36
34        android:name="android.hardware.camera"
34-->[:unityLibrary] AndroidManifest.xml:27:9-47
35        android:required="true" />
35-->[:unityLibrary] AndroidManifest.xml:28:9-33
36    <uses-feature
36-->[:unityLibrary] AndroidManifest.xml:29:5-31:36
37        android:name="android.hardware.camera.autofocus"
37-->[:unityLibrary] AndroidManifest.xml:30:9-57
38        android:required="false" />
38-->[:unityLibrary] AndroidManifest.xml:31:9-33
39    <uses-feature
39-->[:unityLibrary] AndroidManifest.xml:32:5-34:36
40        android:name="android.hardware.camera.front"
40-->[:unityLibrary] AndroidManifest.xml:33:9-53
41        android:required="false" />
41-->[:unityLibrary] AndroidManifest.xml:34:9-33
42
43    <uses-permission android:name="android.permission.WRITE_EXTERNAL_STORAGE" />
43-->[:unityLibrary] AndroidManifest.xml:36:5-81
43-->[:unityLibrary] AndroidManifest.xml:36:22-78
44
45    <uses-feature
45-->[:unityLibrary] AndroidManifest.xml:38:5-40:36
46        android:name="android.hardware.touchscreen"
46-->[:unityLibrary] AndroidManifest.xml:39:9-52
47        android:required="false" />
47-->[:unityLibrary] AndroidManifest.xml:40:9-33
48    <uses-feature
48-->[:unityLibrary] AndroidManifest.xml:41:5-43:36
49        android:name="android.hardware.touchscreen.multitouch"
49-->[:unityLibrary] AndroidManifest.xml:42:9-63
50        android:required="false" />
50-->[:unityLibrary] AndroidManifest.xml:43:9-33
51    <uses-feature
51-->[:unityLibrary] AndroidManifest.xml:44:5-46:36
52        android:name="android.hardware.touchscreen.multitouch.distinct"
52-->[:unityLibrary] AndroidManifest.xml:45:9-72
53        android:required="false" />
53-->[:unityLibrary] AndroidManifest.xml:46:9-33
54    <uses-feature
54-->[:unityLibrary] AndroidManifest.xml:47:5-49:35
55        android:name="android.hardware.camera.ar"
55-->[:unityLibrary] AndroidManifest.xml:48:9-50
56        android:required="true" />
56-->[:unityLibrary] AndroidManifest.xml:49:9-32
57    <uses-feature
57-->[:unityLibrary] AndroidManifest.xml:50:5-52:35
58        android:name="com.google.ar.core.depth"
58-->[:unityLibrary] AndroidManifest.xml:51:9-48
59        android:required="true" />
59-->[:unityLibrary] AndroidManifest.xml:52:9-32
60
61    <queries>
61-->[:arcore_client:] AndroidManifest.xml:29:5-31:15
62        <package android:name="com.google.ar.core" />
62-->[:arcore_client:] AndroidManifest.xml:30:9-54
62-->[:arcore_client:] AndroidManifest.xml:30:18-51
63    </queries>
64
65    <uses-permission android:name="android.permission.ACCESS_NETWORK_STATE" />
65-->[:VuforiaEngine:] AndroidManifest.xml:11:5-79
65-->[:VuforiaEngine:] AndroidManifest.xml:11:22-76
66
67    <application
67-->src\main\AndroidManifest.xml:4:3-126
68        android:extractNativeLibs="true"
68-->[:unityLibrary] AndroidManifest.xml:54:18-50
69        android:icon="@mipmap/app_icon"
69-->src\main\AndroidManifest.xml:4:49-80
70        android:label="@string/app_name"
70-->src\main\AndroidManifest.xml:4:16-48
71        android:roundIcon="@mipmap/app_icon_round" >
71-->src\main\AndroidManifest.xml:4:81-123
72        <activity
72-->[:unityLibrary] AndroidManifest.xml:55:9-75:20
73            android:name="com.unity3d.player.UnityPlayerActivity"
73-->[:unityLibrary] AndroidManifest.xml:56:13-66
74            android:configChanges="mcc|mnc|locale|touchscreen|keyboard|keyboardHidden|navigation|orientation|screenLayout|uiMode|screenSize|smallestScreenSize|fontScale|layoutDirection|density"
74-->[:unityLibrary] AndroidManifest.xml:57:13-194
75            android:hardwareAccelerated="false"
75-->[:unityLibrary] AndroidManifest.xml:58:13-48
76            android:launchMode="singleTask"
76-->[:unityLibrary] AndroidManifest.xml:59:13-44
77            android:resizeableActivity="false"
77-->[:unityLibrary] AndroidManifest.xml:60:13-47
78            android:screenOrientation="fullSensor"
78-->[:unityLibrary] AndroidManifest.xml:61:13-51
79            android:theme="@style/UnityThemeSelector" >
79-->[:unityLibrary] AndroidManifest.xml:62:13-54
80            <intent-filter>
80-->[:unityLibrary] AndroidManifest.xml:63:13-67:29
81                <action android:name="android.intent.action.MAIN" />
81-->[:unityLibrary] AndroidManifest.xml:64:17-69
81-->[:unityLibrary] AndroidManifest.xml:64:25-66
82
83                <category android:name="android.intent.category.LAUNCHER" />
83-->[:unityLibrary] AndroidManifest.xml:66:17-77
83-->[:unityLibrary] AndroidManifest.xml:66:27-74
84            </intent-filter>
85
86            <meta-data
86-->[:unityLibrary] AndroidManifest.xml:69:13-71:40
87                android:name="unityplayer.UnityActivity"
87-->[:unityLibrary] AndroidManifest.xml:70:17-57
88                android:value="true" />
88-->[:unityLibrary] AndroidManifest.xml:71:17-37
89            <meta-data
89-->[:unityLibrary] AndroidManifest.xml:72:13-74:40
90                android:name="android.notch_support"
90-->[:unityLibrary] AndroidManifest.xml:73:17-53
91                android:value="true" />
91-->[:unityLibrary] AndroidManifest.xml:74:17-37
92        </activity>
93
94        <meta-data
94-->[:unityLibrary] AndroidManifest.xml:77:9-79:33
95            android:name="unity.splash-mode"
95-->[:unityLibrary] AndroidManifest.xml:78:13-45
96            android:value="0" />
96-->[:unityLibrary] AndroidManifest.xml:79:13-30
97        <meta-data
97-->[:unityLibrary] AndroidManifest.xml:80:9-82:36
98            android:name="unity.splash-enable"
98-->[:unityLibrary] AndroidManifest.xml:81:13-47
99            android:value="True" />
99-->[:unityLibrary] AndroidManifest.xml:82:13-33
100        <meta-data
100-->[:unityLibrary] AndroidManifest.xml:83:9-85:36
101            android:name="unity.launch-fullscreen"
101-->[:unityLibrary] AndroidManifest.xml:84:13-51
102            android:value="True" />
102-->[:unityLibrary] AndroidManifest.xml:85:13-33
103        <meta-data
103-->[:unityLibrary] AndroidManifest.xml:86:9-88:37
104            android:name="unity.allow-resizable-window"
104-->[:unityLibrary] AndroidManifest.xml:87:13-56
105            android:value="False" />
105-->[:unityLibrary] AndroidManifest.xml:88:13-34
106        <meta-data
106-->[:unityLibrary] AndroidManifest.xml:89:9-91:50
107            android:name="notch.config"
107-->[:unityLibrary] AndroidManifest.xml:90:13-40
108            android:value="portrait|landscape" />
108-->[:unityLibrary] AndroidManifest.xml:91:13-47
109        <meta-data
109-->[:unityLibrary] AndroidManifest.xml:92:9-94:36
110            android:name="unityplayer.SkipPermissionsDialog"
110-->[:unityLibrary] AndroidManifest.xml:93:13-61
111            android:value="true" />
111-->[:unityLibrary] AndroidManifest.xml:94:13-33
112        <meta-data
112-->[:unityLibrary] AndroidManifest.xml:95:9-97:40
113            android:name="com.google.ar.core"
113-->[:unityLibrary] AndroidManifest.xml:96:13-46
114            android:value="required" /> <!-- The minimal version code of ARCore APK required for an app using this SDK. -->
114-->[:unityLibrary] AndroidManifest.xml:97:13-37
115        <meta-data
115-->[:arcore_client:] AndroidManifest.xml:36:9-38:41
116            android:name="com.google.ar.core.min_apk_version"
116-->[:arcore_client:] AndroidManifest.xml:37:13-62
117            android:value="210910000" /> <!-- This activity is critical for installing ARCore when it is not already present. -->
117-->[:arcore_client:] AndroidManifest.xml:38:13-38
118        <activity
118-->[:arcore_client:] AndroidManifest.xml:40:9-46:80
119            android:name="com.google.ar.core.InstallActivity"
119-->[:arcore_client:] AndroidManifest.xml:41:13-62
120            android:configChanges="keyboardHidden|orientation|screenSize"
120-->[:arcore_client:] AndroidManifest.xml:42:13-74
121            android:excludeFromRecents="true"
121-->[:arcore_client:] AndroidManifest.xml:43:13-46
122            android:exported="false"
122-->[:arcore_client:] AndroidManifest.xml:44:13-37
123            android:launchMode="singleTop"
123-->[:arcore_client:] AndroidManifest.xml:45:13-43
124            android:theme="@android:style/Theme.Material.Light.Dialog.Alert" />
124-->[:arcore_client:] AndroidManifest.xml:46:13-77
125
126        <provider
126-->[:VuforiaEngine:] AndroidManifest.xml:14:9-22:20
127            android:name="com.vuforia.engine.app.VuforiaContentProvider"
127-->[:VuforiaEngine:] AndroidManifest.xml:15:13-73
128            android:authorities="com.uqac.PortDuSaguenay.vuforia.share"
128-->[:VuforiaEngine:] AndroidManifest.xml:16:13-65
129            android:exported="false"
129-->[:VuforiaEngine:] AndroidManifest.xml:17:13-37
130            android:grantUriPermissions="true" >
130-->[:VuforiaEngine:] AndroidManifest.xml:18:13-47
131            <meta-data
131-->[:VuforiaEngine:] AndroidManifest.xml:19:13-21:53
132                android:name="android.support.FILE_PROVIDER_PATHS"
132-->[:VuforiaEngine:] AndroidManifest.xml:20:17-67
133                android:resource="@xml/filepaths" />
133-->[:VuforiaEngine:] AndroidManifest.xml:21:17-50
134        </provider>
135    </application>
136
137</manifest>